<?xml version="1.0" encoding="UTF-8"?>
<!-- Generated by org.testng.reporters.JUnitReportReporter -->
<testsuite hostname="DESKTOP-OECPI9S" failures="0" tests="1" name="cars.TataTest" time="5.020" errors="0" timestamp="2024-05-25T07:50:18 IST" skipped="0">
  <testcase classname="cars.TataTest" name="launch" time="5.020"/>
  <system-out>
    <![CDATA[ tata launched successfully]]>
  </system-out>
</testsuite> <!-- cars.TataTest -->
