<?xml version="1.0" encoding="UTF-8"?>
<!-- Generated by org.testng.reporters.JUnitReportReporter -->
<testsuite hostname="DESKTOP-OECPI9S" failures="0" tests="1" name="extentreports.ToLearnExtentReports" time="0.398" errors="0" timestamp="2024-06-05T00:38:46 IST" skipped="0">
  <testcase classname="extentreports.ToLearnExtentReports" name="report" time="0.398"/>
  <system-out/>
</testsuite> <!-- extentreports.ToLearnExtentReports -->
