<?xml version="1.0" encoding="UTF-8"?>
<!-- Generated by org.testng.reporters.JUnitReportReporter -->
<testsuite hostname="DESKTOP-OECPI9S" failures="0" tests="1" name="extentreports.AttachScreenShot" time="12.665" errors="0" timestamp="2024-06-04T09:36:31 IST" skipped="0">
  <testcase classname="extentreports.AttachScreenShot" name="screenshot" time="12.665"/>
  <system-out/>
</testsuite> <!-- extentreports.AttachScreenShot -->
