<?xml version="1.0" encoding="UTF-8"?>
<!-- Generated by org.testng.reporters.JUnitReportReporter -->
<testsuite hostname="DESKTOP-OECPI9S" failures="0" tests="1" name="jobwebsite.NaukariTest" time="5.597" errors="0" timestamp="2024-05-21T16:15:07 IST" skipped="0">
  <testcase classname="jobwebsite.NaukariTest" name="launch" time="5.597"/>
  <system-out>
    <![CDATA[Naukari website launced successfully]]>
  </system-out>
</testsuite> <!-- jobwebsite.NaukariTest -->
