<?xml version="1.0" encoding="UTF-8"?>
<!-- Generated by org.testng.reporters.JUnitReportReporter -->
<testsuite hostname="DESKTOP-OECPI9S" failures="0" tests="1" name="cars.LamboTest" time="37.792" errors="0" timestamp="2024-05-24T10:00:39 IST" skipped="0">
  <testcase classname="cars.LamboTest" name="launch" time="37.792"/>
  <system-out>
    <![CDATA[ lamborgini launched successfully]]>
  </system-out>
</testsuite> <!-- cars.LamboTest -->
