<?xml version="1.0" encoding="UTF-8"?>
<!-- Generated by org.testng.reporters.JUnitReportReporter -->
<testsuite hostname="DESKTOP-OECPI9S" failures="0" tests="1" name="jobwebsite.fordTest" time="2.955" errors="0" timestamp="2024-05-25T08:26:47 IST" skipped="0">
  <testcase classname="jobwebsite.fordTest" name="launch" time="2.955"/>
  <system-out>
    <![CDATA[Ford Website launch--------------]]>
  </system-out>
</testsuite> <!-- jobwebsite.fordTest -->
