<?xml version="1.0" encoding="UTF-8"?>
<!-- Generated by org.testng.reporters.JUnitReportReporter -->
<testsuite hostname="DESKTOP-OECPI9S" failures="0" tests="1" name="cars.FordTest" time="26.956" errors="0" timestamp="2024-05-25T08:51:18 IST" skipped="0">
  <testcase classname="cars.FordTest" name="launch" time="26.956"/>
  <system-out>
    <![CDATA[ ford launched successfully]]>
  </system-out>
</testsuite> <!-- cars.FordTest -->
