<?xml version="1.0" encoding="UTF-8"?>
<!-- Generated by org.testng.reporters.JUnitReportReporter -->
<testsuite hostname="DESKTOP-OECPI9S" failures="0" tests="1" name="Demo.mavenParameterTest" time="6.508" errors="0" timestamp="2024-05-25T08:35:25 IST" skipped="0">
  <testcase classname="Demo.mavenParameterTest" name="recievedata" time="6.508"/>
  <system-out/>
</testsuite> <!-- Demo.mavenParameterTest -->
