<?xml version="1.0" encoding="UTF-8"?>
<!-- Generated by org.testng.reporters.JUnitReportReporter -->
<testsuite hostname="DESKTOP-OECPI9S" failures="0" tests="1" name="cars.Tata" time="11.004" errors="0" timestamp="2024-05-24T09:15:43 IST" skipped="0">
  <testcase classname="cars.Tata" name="launch" time="11.004"/>
  <system-out>
    <![CDATA[ tata launched successfully]]>
  </system-out>
</testsuite> <!-- cars.Tata -->
