<?xml version="1.0" encoding="UTF-8"?>
<!-- Generated by org.testng.reporters.JUnitReportReporter -->
<testsuite hostname="DESKTOP-OECPI9S" failures="0" tests="1" name="cars.Ferari" time="20.400" errors="0" timestamp="2024-05-24T09:15:43 IST" skipped="0">
  <testcase classname="cars.Ferari" name="launch" time="20.400"/>
  <system-out>
    <![CDATA[Ferari launched successfully]]>
  </system-out>
</testsuite> <!-- cars.Ferari -->
