<?xml version="1.0" encoding="UTF-8"?>
<!-- Generated by org.testng.reporters.JUnitReportReporter -->
<testsuite hostname="DESKTOP-OECPI9S" failures="0" tests="1" name="jobwebsite.GlassdoorTest" time="5.168" errors="0" timestamp="2024-05-25T08:35:25 IST" skipped="0">
  <testcase classname="jobwebsite.GlassdoorTest" name="launch" time="5.168"/>
  <system-out>
    <![CDATA[glassdoor website launced successfully]]>
  </system-out>
</testsuite> <!-- jobwebsite.GlassdoorTest -->
