<?xml version="1.0" encoding="UTF-8"?>
<!-- Generated by org.testng.reporters.JUnitReportReporter -->
<testsuite hostname="DESKTOP-OECPI9S" failures="0" tests="1" name="cars.FerariTest" time="11.307" errors="0" timestamp="2024-05-25T08:51:48 IST" skipped="0">
  <testcase classname="cars.FerariTest" name="launch" time="11.307"/>
  <system-out>
    <![CDATA[Ferari launched successfully]]>
  </system-out>
</testsuite> <!-- cars.FerariTest -->
