<?xml version="1.0" encoding="UTF-8"?>
<!-- Generated by org.testng.reporters.JUnitReportReporter -->
<testsuite hostname="DESKTOP-OECPI9S" failures="0" tests="1" name="cars.Lambo" time="18.699" errors="0" timestamp="2024-05-24T08:50:18 IST" skipped="0">
  <testcase classname="cars.Lambo" name="launch" time="18.699"/>
  <system-out>
    <![CDATA[ lamborgini launched successfully]]>
  </system-out>
</testsuite> <!-- cars.Lambo -->
