<?xml version="1.0" encoding="UTF-8"?>
<!-- Generated by org.testng.reporters.JUnitReportReporter -->
<testsuite hostname="DESKTOP-OECPI9S" failures="0" tests="1" name="cars.TataTest" time="6.084" errors="0" timestamp="2024-05-25T08:51:48 IST" skipped="0">
  <testcase classname="cars.TataTest" name="launch" time="6.084"/>
  <system-out>
    <![CDATA[ tata launched successfully]]>
  </system-out>
</testsuite> <!-- cars.TataTest -->
