<?xml version="1.0" encoding="UTF-8"?>
<!-- Generated by org.testng.reporters.JUnitReportReporter -->
<testsuite hostname="DESKTOP-OECPI9S" failures="0" tests="1" name="Demo.DemoAppSkillRary" time="8.114" errors="0" timestamp="2024-05-29T08:38:45 IST" skipped="0">
  <testcase classname="Demo.DemoAppSkillRary" name="login" time="8.114"/>
  <system-out>
    <![CDATA[***************Home page displayed]]>
  </system-out>
</testsuite> <!-- Demo.DemoAppSkillRary -->
