<?xml version="1.0" encoding="UTF-8"?>
<!-- Generated by org.testng.reporters.JUnitReportReporter -->
<testsuite hostname="DESKTOP-OECPI9S" failures="0" tests="1" name="cars.Ford" time="15.419" errors="0" timestamp="2024-05-24T08:50:18 IST" skipped="0">
  <testcase classname="cars.Ford" name="launch" time="15.419"/>
  <system-out>
    <![CDATA[ ford launched successfully]]>
  </system-out>
</testsuite> <!-- cars.Ford -->
