<?xml version="1.0" encoding="UTF-8"?>
<!-- Generated by org.testng.reporters.JUnitReportReporter -->
<testsuite hostname="DESKTOP-OECPI9S" failures="0" tests="1" name="Demo.SampleTest" time="0.001" errors="0" timestamp="2024-05-25T08:35:25 IST" skipped="0">
  <testcase classname="Demo.SampleTest" name="test" time="0.001"/>
  <system-out>
    <![CDATA[Sample test class executed]]>
  </system-out>
</testsuite> <!-- Demo.SampleTest -->
