<?xml version="1.0" encoding="UTF-8"?>
<!-- Generated by org.testng.reporters.JUnitReportReporter -->
<testsuite hostname="DESKTOP-OECPI9S" failures="0" tests="1" name="cars.LamboTest" time="6.919" errors="0" timestamp="2024-05-25T08:51:18 IST" skipped="0">
  <testcase classname="cars.LamboTest" name="launch" time="6.919"/>
  <system-out>
    <![CDATA[ lamborgini launched successfully]]>
  </system-out>
</testsuite> <!-- cars.LamboTest -->
